{
  message: 'database connected',
  level: 'info',
  service: 'user-service',
  label: 'um',
  timestamp: '2023-06-04T17:00:30.387Z'
}
{
  message: 'Application listening on port 5000',
  level: 'info',
  service: 'user-service',
  label: 'um',
  timestamp: '2023-06-04T17:00:30.398Z'
}
{
  message: 'database connected',
  level: 'info',
  service: 'user-service',
  label: 'um',
  timestamp: '2023-06-04T17:24:30.711Z'
}
{
  message: 'Application listening on port 5000',
  level: 'info',
  service: 'user-service',
  label: 'um',
  timestamp: '2023-06-04T17:24:30.723Z'
}
{
  message: 'database connected',
  level: 'info',
  service: 'user-service',
  label: 'um',
  timestamp: '2023-06-04T17:35:03.912Z'
}
{
  message: 'Application listening on port 5000',
  level: 'info',
  service: 'user-service',
  label: 'um',
  timestamp: '2023-06-04T17:35:03.925Z'
}
{
  message: 'database connected',
  level: 'info',
  service: 'user-service',
  label: 'um',
  timestamp: '2023-06-04T17:38:16.490Z'
}
{
  message: 'Application listening on port 5000',
  level: 'info',
  service: 'user-service',
  label: 'um',
  timestamp: '2023-06-04T17:38:16.502Z'
}
{
  message: 'database connected',
  level: 'info',
  service: 'user-service',
  label: 'um',
  timestamp: '2023-06-04T17:40:25.764Z'
}
{
  message: 'Application listening on port 5000',
  level: 'info',
  service: 'user-service',
  label: 'um',
  timestamp: '2023-06-04T17:40:25.775Z'
}
{
  message: 'database connected',
  level: 'info',
  service: 'user-service',
  label: 'um',
  timestamp: '2023-06-04T17:42:08.776Z'
}
{
  message: 'Application listening on port 5000',
  level: 'info',
  service: 'user-service',
  label: 'um',
  timestamp: '2023-06-04T17:42:08.787Z'
}
{
  message: 'database connected',
  level: 'info',
  service: 'user-service',
  label: 'um',
  timestamp: '2023-06-04T17:45:12.714Z'
}
{
  message: 'Application listening on port 5000',
  level: 'info',
  service: 'user-service',
  label: 'um',
  timestamp: '2023-06-04T17:45:12.725Z'
}
{
  message: 'database connected',
  level: 'info',
  service: 'user-service',
  label: 'um',
  timestamp: '2023-06-04T17:45:36.872Z'
}
{
  message: 'Application listening on port 5000',
  level: 'info',
  service: 'user-service',
  label: 'um',
  timestamp: '2023-06-04T17:45:36.883Z'
}
{
  message: 'database connected',
  level: 'info',
  service: 'user-service',
  label: 'um',
  timestamp: '2023-06-04T17:47:57.434Z'
}
{
  message: 'Application listening on port 5000',
  level: 'info',
  service: 'user-service',
  label: 'um',
  timestamp: '2023-06-04T17:47:57.445Z'
}
{
  message: 'database connected',
  level: 'info',
  service: 'user-service',
  label: 'um',
  timestamp: '2023-06-04T17:48:23.549Z'
}
{
  message: 'Application listening on port 5000',
  level: 'info',
  service: 'user-service',
  label: 'um',
  timestamp: '2023-06-04T17:48:23.559Z'
}
{
  message: 'database connected',
  level: 'info',
  service: 'user-service',
  label: 'um',
  timestamp: '2023-06-04T17:49:01.893Z'
}
{
  message: 'Application listening on port 5000',
  level: 'info',
  service: 'user-service',
  label: 'um',
  timestamp: '2023-06-04T17:49:01.904Z'
}
{
  message: 'database connected',
  level: 'info',
  service: 'user-service',
  label: 'um',
  timestamp: '2023-06-04T17:52:05.493Z'
}
{
  message: 'Application listening on port 5000',
  level: 'info',
  service: 'user-service',
  label: 'um',
  timestamp: '2023-06-04T17:52:05.502Z'
}
{
  message: 'database connected',
  level: 'info',
  service: 'user-service',
  label: 'um',
  timestamp: '2023-06-04T17:52:55.124Z'
}
{
  message: 'Application listening on port 5000',
  level: 'info',
  service: 'user-service',
  label: 'um',
  timestamp: '2023-06-04T17:52:55.134Z'
}
{
  message: 'database connected',
  level: 'info',
  service: 'user-service',
  label: 'um',
  timestamp: '2023-06-04T17:53:26.268Z'
}
{
  message: 'Application listening on port 5000',
  level: 'info',
  service: 'user-service',
  label: 'um',
  timestamp: '2023-06-04T17:53:26.279Z'
}
{
  message: 'database connected',
  level: 'info',
  service: 'user-service',
  label: 'um',
  timestamp: '2023-06-04T17:54:20.978Z'
}
{
  message: 'Application listening on port 5000',
  level: 'info',
  service: 'user-service',
  label: 'um',
  timestamp: '2023-06-04T17:54:20.988Z'
}
{
  message: 'database connected',
  level: 'info',
  service: 'user-service',
  label: 'um',
  timestamp: '2023-06-04T17:55:06.580Z'
}
{
  message: 'Application listening on port 5000',
  level: 'info',
  service: 'user-service',
  label: 'um',
  timestamp: '2023-06-04T17:55:06.592Z'
}
{
  message: 'database connected',
  level: 'info',
  service: 'user-service',
  label: 'um',
  timestamp: '2023-06-04T17:58:57.561Z'
}
{
  message: 'Application listening on port 5000',
  level: 'info',
  service: 'user-service',
  label: 'um',
  timestamp: '2023-06-04T17:58:57.571Z'
}
{
  message: 'database connected',
  level: 'info',
  service: 'user-service',
  label: 'um',
  timestamp: '2023-06-04T17:59:07.227Z'
}
{
  message: 'Application listening on port 5000',
  level: 'info',
  service: 'user-service',
  label: 'um',
  timestamp: '2023-06-04T17:59:07.238Z'
}
{
  message: 'database connected',
  level: 'info',
  service: 'user-service',
  label: 'um',
  timestamp: '2023-06-04T17:59:13.524Z'
}
{
  message: 'Application listening on port 5000',
  level: 'info',
  service: 'user-service',
  label: 'um',
  timestamp: '2023-06-04T17:59:13.556Z'
}
{
  message: 'database connected',
  level: 'info',
  service: 'user-service',
  label: 'um',
  timestamp: '2023-06-04T17:59:56.067Z'
}
{
  message: 'Application listening on port 5000',
  level: 'info',
  service: 'user-service',
  label: 'um',
  timestamp: '2023-06-04T17:59:56.076Z'
}
