Tue Jun 06 2023 11:11:10} [um] info: database connected
Tue Jun 06 2023 11:11:10} [um] info: Application listening on port 5000
Tue Jun 06 2023 11:17:36} [um] info: database connected
Tue Jun 06 2023 11:17:36} [um] info: Application listening on port 5000
Tue Jun 06 2023 11:19:9} [um] info: database connected
Tue Jun 06 2023 11:19:9} [um] info: Application listening on port 5000
Tue Jun 06 2023 11:20:1} [um] info: database connected
Tue Jun 06 2023 11:20:1} [um] info: Application listening on port 5000
Tue Jun 06 2023 11:20:19} [um] info: here
Tue Jun 06 2023 11:21:2} [um] info: database connected
Tue Jun 06 2023 11:21:2} [um] info: Application listening on port 5000
Tue Jun 06 2023 11:21:12} [um] info: here
Tue Jun 06 2023 11:21:12} [um] info: from service
Tue Jun 06 2023 11:21:43} [um] info: database connected
Tue Jun 06 2023 11:21:43} [um] info: Application listening on port 5000
Tue Jun 06 2023 11:21:45} [um] info: from service
Tue Jun 06 2023 11:21:46} [um] info: here
Tue Jun 06 2023 11:22:5} [um] info: database connected
Tue Jun 06 2023 11:22:5} [um] info: Application listening on port 5000
Tue Jun 06 2023 11:22:46} [um] info: database connected
Tue Jun 06 2023 11:22:46} [um] info: Application listening on port 5000
Tue Jun 06 2023 11:22:48} [um] info: from service
Tue Jun 06 2023 11:22:48} [um] info: here res
Tue Jun 06 2023 11:23:2} [um] info: database connected
Tue Jun 06 2023 11:23:2} [um] info: Application listening on port 5000
Tue Jun 06 2023 11:23:14} [um] info: database connected
Tue Jun 06 2023 11:23:14} [um] info: Application listening on port 5000
Tue Jun 06 2023 11:23:16} [um] info: from service
Tue Jun 06 2023 11:23:16} [um] info: here res
Tue Jun 06 2023 11:23:39} [um] info: database connected
Tue Jun 06 2023 11:23:39} [um] info: Application listening on port 5000
Tue Jun 06 2023 11:23:41} [um] info: from service
Tue Jun 06 2023 11:23:41} [um] info: here res
Tue Jun 06 2023 11:24:9} [um] info: database connected
Tue Jun 06 2023 11:24:9} [um] info: Application listening on port 5000
Tue Jun 06 2023 11:24:11} [um] info: from service
Tue Jun 06 2023 11:24:11} [um] info: here res if block
Tue Jun 06 2023 11:24:57} [um] info: database connected
Tue Jun 06 2023 11:24:57} [um] info: Application listening on port 5000
Tue Jun 06 2023 11:25:1} [um] info: from service
Tue Jun 06 2023 11:25:29} [um] info: database connected
Tue Jun 06 2023 11:25:29} [um] info: Application listening on port 5000
Tue Jun 06 2023 11:25:32} [um] info: from service
Tue Jun 06 2023 11:25:57} [um] info: database connected
Tue Jun 06 2023 11:25:57} [um] info: Application listening on port 5000
Tue Jun 06 2023 11:26:4} [um] info: database connected
Tue Jun 06 2023 11:26:4} [um] info: Application listening on port 5000
Tue Jun 06 2023 11:26:9} [um] info: database connected
Tue Jun 06 2023 11:26:9} [um] info: Application listening on port 5000
Tue Jun 06 2023 11:27:30} [um] info: database connected
Tue Jun 06 2023 11:27:30} [um] info: Application listening on port 5000
Tue Jun 06 2023 11:29:22} [um] info: database connected
Tue Jun 06 2023 11:29:22} [um] info: Application listening on port 5000
Tue Jun 06 2023 11:29:40} [um] info: database connected
Tue Jun 06 2023 11:29:40} [um] info: Application listening on port 5000
Tue Jun 06 2023 11:30:14} [um] info: {
  _id: new ObjectId("647ec068d499a1ff5d03aa85"),
  title: 'Autum',
  year: 2025,
  code: '01',
  startMonth: 'January',
  endMonth: 'May',
  createdAt: 2023-06-06T05:13:12.995Z,
  updatedAt: 2023-06-06T05:13:12.995Z,
  __v: 0
}
Tue Jun 06 2023 11:32:34} [um] info: database connected
Tue Jun 06 2023 11:32:34} [um] info: Application listening on port 5000
Tue Jun 06 2023 11:32:36} [um] info: here res if block
Tue Jun 06 2023 11:33:31} [um] info: database connected
Tue Jun 06 2023 11:33:31} [um] info: Application listening on port 5000
Tue Jun 06 2023 11:33:37} [um] info: database connected
Tue Jun 06 2023 11:33:37} [um] info: Application listening on port 5000
Tue Jun 06 2023 11:33:50} [um] info: here res if block
Tue Jun 06 2023 11:34:5} [um] info: database connected
Tue Jun 06 2023 11:34:5} [um] info: Application listening on port 5000
Tue Jun 06 2023 11:34:10} [um] info: database connected
Tue Jun 06 2023 11:34:10} [um] info: Application listening on port 5000
Tue Jun 06 2023 11:34:34} [um] info: database connected
Tue Jun 06 2023 11:34:34} [um] info: Application listening on port 5000
Tue Jun 06 2023 11:34:43} [um] info: database connected
Tue Jun 06 2023 11:34:43} [um] info: Application listening on port 5000
Tue Jun 06 2023 11:35:58} [um] info: database connected
Tue Jun 06 2023 11:35:58} [um] info: Application listening on port 5000
Tue Jun 06 2023 11:36:54} [um] info: database connected
Tue Jun 06 2023 11:36:54} [um] info: Application listening on port 5000
Tue Jun 06 2023 11:36:58} [um] info: database connected
Tue Jun 06 2023 11:36:58} [um] info: Application listening on port 5000
Tue Jun 06 2023 11:37:21} [um] info: database connected
Tue Jun 06 2023 11:37:21} [um] info: Application listening on port 5000
Tue Jun 06 2023 11:38:0} [um] info: database connected
Tue Jun 06 2023 11:38:0} [um] info: Application listening on port 5000
Tue Jun 06 2023 11:38:42} [um] info: database connected
Tue Jun 06 2023 11:38:42} [um] info: Application listening on port 5000
Tue Jun 06 2023 11:39:26} [um] info: database connected
Tue Jun 06 2023 11:39:26} [um] info: Application listening on port 5000
Tue Jun 06 2023 11:39:47} [um] info: database connected
Tue Jun 06 2023 11:39:47} [um] info: Application listening on port 5000
Tue Jun 06 2023 11:41:29} [um] info: database connected
Tue Jun 06 2023 11:41:29} [um] info: Application listening on port 5000
Tue Jun 06 2023 11:47:18} [um] info: database connected
Tue Jun 06 2023 11:47:18} [um] info: Application listening on port 5000
Tue Jun 06 2023 11:47:25} [um] info: database connected
Tue Jun 06 2023 11:47:25} [um] info: Application listening on port 5000
Tue Jun 06 2023 11:48:2} [um] info: database connected
Tue Jun 06 2023 11:48:2} [um] info: Application listening on port 5000
Tue Jun 06 2023 11:48:43} [um] info: database connected
Tue Jun 06 2023 11:48:43} [um] info: Application listening on port 5000
Tue Jun 06 2023 11:49:26} [um] info: database connected
Tue Jun 06 2023 11:49:26} [um] info: Application listening on port 5000
Tue Jun 06 2023 11:49:56} [um] info: database connected
Tue Jun 06 2023 11:49:56} [um] info: Application listening on port 5000
